TN:
SF:src\tasks.js
FN:1,(anonymous_0)
FN:10,(anonymous_1)
FN:11,(anonymous_2)
FN:15,(anonymous_3)
FN:16,(anonymous_4)
FN:23,(anonymous_5)
FN:27,(anonymous_6)
FNF:7
FNH:1
FNDA:3,(anonymous_0)
FNDA:0,(anonymous_1)
FNDA:0,(anonymous_2)
FNDA:0,(anonymous_3)
FNDA:0,(anonymous_4)
FNDA:0,(anonymous_5)
FNDA:0,(anonymous_6)
DA:1,1
DA:2,3
DA:3,3
DA:5,3
DA:7,3
DA:10,1
DA:11,0
DA:12,0
DA:15,1
DA:16,0
DA:17,0
DA:20,0
DA:23,1
DA:24,0
DA:25,0
DA:27,0
DA:28,0
DA:29,0
DA:34,0
LF:19
LH:8
BRDA:24,0,0,0
BRDA:24,0,1,0
BRDA:28,1,0,0
BRDA:28,1,1,0
BRF:4
BRH:0
end_of_record
